<?xml version="1.0" encoding="UTF-8"?>
<!-- Generated by org.testng.reporters.JUnitXMLReporter -->
<testsuite ignored="0" hostname="DESKTOP-74ULC4S" failures="0" tests="2" name="Cucumber with TestNG Test with Chrome" time="17.62" errors="0" timestamp="2024-09-29T16:12:37 ICT">
  <testcase classname="io.cucumber.testng.AbstractTestNGCucumberTests" name="runScenario" time="7.581"/>
  <testcase classname="io.cucumber.testng.AbstractTestNGCucumberTests" name="runScenario" time="1.483"/>
</testsuite> <!-- Cucumber with TestNG Test with Chrome -->
