<?xml version="1.0" encoding="UTF-8"?>
<testng-results ignored="0" total="2" passed="2" failed="0" skipped="0">
  <reporter-output>
  </reporter-output>
  <suite started-at="2024-09-29T16:12:19 ICT" name="Suite" finished-at="2024-09-29T16:12:37 ICT" duration-ms="17620">
    <groups>
      <group name="cucumber">
        <method signature="AbstractTestNGCucumberTests.runScenario(io.cucumber.testng.PickleWrapper, io.cucumber.testng.FeatureWrapper)[pri:0, instance:Runner.CucumberRunnerTests@82de64a]" name="runScenario" class="io.cucumber.testng.AbstractTestNGCucumberTests"/>
      </group> <!-- cucumber -->
    </groups>
    <test started-at="2024-09-29T16:12:19 ICT" name="Cucumber with TestNG Test with Chrome" finished-at="2024-09-29T16:12:37 ICT" duration-ms="17620">
      <class name="Runner.CucumberRunnerTests">
        <test-method is-config="true" signature="setUpClass()[pri:0, instance:Runner.CucumberRunnerTests@82de64a]" started-at="2024-09-29T16:12:19 ICT" name="setUpClass" finished-at="2024-09-29T16:12:20 ICT" duration-ms="814" status="PASS">
          <reporter-output>
          </reporter-output>
        </test-method> <!-- setUpClass -->
        <test-method is-config="true" signature="setUp(java.lang.String)[pri:0, instance:Runner.CucumberRunnerTests@82de64a]" started-at="2024-09-29T16:12:20 ICT" name="setUp" finished-at="2024-09-29T16:12:26 ICT" duration-ms="5517" status="PASS">
          <params>
            <param index="0">
              <value>
                <![CDATA[chrome]]>
              </value>
            </param>
          </params>
          <reporter-output>
          </reporter-output>
        </test-method> <!-- setUp -->
        <test-method signature="runScenario(io.cucumber.testng.PickleWrapper, io.cucumber.testng.FeatureWrapper)[pri:0, instance:Runner.CucumberRunnerTests@82de64a]" started-at="2024-09-29T16:12:26 ICT" name="runScenario" description="Runs Cucumber Scenarios" data-provider="scenarios" finished-at="2024-09-29T16:12:33 ICT" duration-ms="7581" status="PASS">
          <params>
            <param index="0">
              <value>
                <![CDATA["Test Cart Page As Standard User who buys 2 items"]]>
              </value>
            </param>
            <param index="1">
              <value>
                <![CDATA["Optional[Checkout]"]]>
              </value>
            </param>
          </params>
          <reporter-output>
          </reporter-output>
        </test-method> <!-- runScenario -->
        <test-method signature="runScenario(io.cucumber.testng.PickleWrapper, io.cucumber.testng.FeatureWrapper)[pri:0, instance:Runner.CucumberRunnerTests@82de64a]" started-at="2024-09-29T16:12:33 ICT" name="runScenario" description="Runs Cucumber Scenarios" data-provider="scenarios" finished-at="2024-09-29T16:12:35 ICT" duration-ms="1483" status="PASS">
          <params>
            <param index="0">
              <value>
                <![CDATA["Continue to Step 2 where all mandatory values(fields) is not empy"]]>
              </value>
            </param>
            <param index="1">
              <value>
                <![CDATA["Optional[Checkout]"]]>
              </value>
            </param>
          </params>
          <reporter-output>
          </reporter-output>
        </test-method> <!-- runScenario -->
        <test-method is-config="true" signature="tearDownClass()[pri:0, instance:Runner.CucumberRunnerTests@82de64a]" started-at="2024-09-29T16:12:35 ICT" name="tearDownClass" finished-at="2024-09-29T16:12:37 ICT" duration-ms="2175" status="PASS">
          <reporter-output>
          </reporter-output>
        </test-method> <!-- tearDownClass -->
      </class> <!-- Runner.CucumberRunnerTests -->
    </test> <!-- Cucumber with TestNG Test with Chrome -->
  </suite> <!-- Suite -->
</testng-results>
